<?xml version="1.0" encoding="UTF-8"?>
<testng-results ignored="0" total="1" passed="1" failed="0" skipped="0">
  <reporter-output>
  </reporter-output>
  <suite started-at="2026-06-22T17:56:17 IST" name="Default suite" finished-at="2026-06-22T17:56:45 IST" duration-ms="28280">
    <groups>
    </groups>
    <test started-at="2026-06-22T17:56:17 IST" name="Default test" finished-at="2026-06-22T17:56:45 IST" duration-ms="28280">
      <class name="tests.RegisterTest">
        <test-method is-config="true" signature="setup()[pri:0, instance:tests.RegisterTest@6a78afa0]" started-at="2026-06-22T17:56:17 IST" name="setup" finished-at="2026-06-22T17:56:22 IST" duration-ms="5332" status="PASS">
          <reporter-output>
          </reporter-output>
        </test-method> <!-- setup -->
        <test-method signature="verifyMyAccountClick()[pri:0, instance:tests.RegisterTest@6a78afa0]" started-at="2026-06-22T17:56:22 IST" name="verifyMyAccountClick" finished-at="2026-06-22T17:56:45 IST" duration-ms="22485" status="PASS">
          <reporter-output>
          </reporter-output>
        </test-method> <!-- verifyMyAccountClick -->
        <test-method is-config="true" signature="tearDown()[pri:0, instance:tests.RegisterTest@6a78afa0]" started-at="2026-06-22T17:56:45 IST" name="tearDown" finished-at="2026-06-22T17:56:45 IST" duration-ms="401" status="PASS">
          <reporter-output>
          </reporter-output>
        </test-method> <!-- tearDown -->
      </class> <!-- tests.RegisterTest -->
    </test> <!-- Default test -->
  </suite> <!-- Default suite -->
</testng-results>
