<?xml version="1.0" encoding="UTF-8"?>
<testng-results ignored="0" total="1" passed="1" failed="0" skipped="0">
  <reporter-output>
  </reporter-output>
  <suite started-at="2026-06-22T15:26:56 IST" name="Default suite" finished-at="2026-06-22T15:27:18 IST" duration-ms="21839">
    <groups>
    </groups>
    <test started-at="2026-06-22T15:26:56 IST" name="Default test" finished-at="2026-06-22T15:27:18 IST" duration-ms="21839">
      <class name="tests.LoginTest">
        <test-method is-config="true" signature="setup()[pri:0, instance:tests.LoginTest@3fc2959f]" started-at="2026-06-22T15:26:56 IST" name="setup" finished-at="2026-06-22T15:27:00 IST" duration-ms="4578" status="PASS">
          <reporter-output>
          </reporter-output>
        </test-method> <!-- setup -->
        <test-method signature="loginTest(java.lang.String,java.lang.String)[pri:0, instance:tests.LoginTest@3fc2959f]" started-at="2026-06-22T15:27:00 IST" name="loginTest" data-provider="loginData" finished-at="2026-06-22T15:27:17 IST" duration-ms="16956" status="PASS">
          <params>
            <param index="0">
              <value>
                <![CDATA[TestUser123@yopmail.com]]>
              </value>
            </param>
            <param index="1">
              <value>
                <![CDATA[Admin@123]]>
              </value>
            </param>
          </params>
          <reporter-output>
          </reporter-output>
        </test-method> <!-- loginTest -->
        <test-method is-config="true" signature="tearDown()[pri:0, instance:tests.LoginTest@3fc2959f]" started-at="2026-06-22T15:27:17 IST" name="tearDown" finished-at="2026-06-22T15:27:18 IST" duration-ms="253" status="PASS">
          <reporter-output>
          </reporter-output>
        </test-method> <!-- tearDown -->
      </class> <!-- tests.LoginTest -->
    </test> <!-- Default test -->
  </suite> <!-- Default suite -->
</testng-results>
